mode: set
github.com/fredbi/go-patterns/iterators/options.go:22.85,27.29 2 1
github.com/fredbi/go-patterns/iterators/options.go:31.2,31.16 1 1
github.com/fredbi/go-patterns/iterators/options.go:27.29,29.3 1 0
github.com/fredbi/go-patterns/iterators/options.go:36.58,37.38 1 0
github.com/fredbi/go-patterns/iterators/options.go:37.38,39.3 1 0
github.com/fredbi/go-patterns/iterators/options.go:42.85,47.29 2 0
github.com/fredbi/go-patterns/iterators/options.go:51.2,51.16 1 0
github.com/fredbi/go-patterns/iterators/options.go:47.29,49.3 1 0
github.com/fredbi/go-patterns/iterators/options.go:56.58,57.38 1 0
github.com/fredbi/go-patterns/iterators/options.go:57.38,59.3 1 0
github.com/fredbi/go-patterns/iterators/options.go:63.53,64.38 1 0
github.com/fredbi/go-patterns/iterators/options.go:64.38,66.3 1 0
github.com/fredbi/go-patterns/iterators/options.go:70.54,71.38 1 0
github.com/fredbi/go-patterns/iterators/options.go:71.38,73.3 1 0
github.com/fredbi/go-patterns/iterators/rows_iterator.go:33.91,37.2 1 1
github.com/fredbi/go-patterns/iterators/rows_iterator.go:40.106,45.2 1 1
github.com/fredbi/go-patterns/iterators/rows_iterator.go:47.45,51.17 3 1
github.com/fredbi/go-patterns/iterators/rows_iterator.go:54.2,56.24 2 1
github.com/fredbi/go-patterns/iterators/rows_iterator.go:51.17,53.3 1 1
github.com/fredbi/go-patterns/iterators/rows_iterator.go:59.43,61.2 1 1
github.com/fredbi/go-patterns/iterators/rows_iterator.go:63.49,66.50 2 1
github.com/fredbi/go-patterns/iterators/rows_iterator.go:70.2,70.18 1 1
github.com/fredbi/go-patterns/iterators/rows_iterator.go:66.50,68.3 1 1
github.com/fredbi/go-patterns/iterators/rows_iterator.go:73.54,76.21 2 1
github.com/fredbi/go-patterns/iterators/rows_iterator.go:87.2,87.35 1 1
github.com/fredbi/go-patterns/iterators/rows_iterator.go:91.2,91.24 1 1
github.com/fredbi/go-patterns/iterators/rows_iterator.go:76.21,78.17 2 1
github.com/fredbi/go-patterns/iterators/rows_iterator.go:84.3,84.40 1 1
github.com/fredbi/go-patterns/iterators/rows_iterator.go:78.17,82.4 2 1
github.com/fredbi/go-patterns/iterators/rows_iterator.go:87.35,89.3 1 0
github.com/fredbi/go-patterns/iterators/rows_iterator.go:94.58,97.21 2 1
github.com/fredbi/go-patterns/iterators/rows_iterator.go:108.2,108.35 1 1
github.com/fredbi/go-patterns/iterators/rows_iterator.go:112.2,112.24 1 1
github.com/fredbi/go-patterns/iterators/rows_iterator.go:97.21,99.17 2 1
github.com/fredbi/go-patterns/iterators/rows_iterator.go:105.3,105.41 1 1
github.com/fredbi/go-patterns/iterators/rows_iterator.go:99.17,103.4 2 1
github.com/fredbi/go-patterns/iterators/rows_iterator.go:108.35,110.3 1 0
github.com/fredbi/go-patterns/iterators/slice_iterator.go:20.58,25.2 1 1
github.com/fredbi/go-patterns/iterators/slice_iterator.go:27.43,29.2 1 1
github.com/fredbi/go-patterns/iterators/slice_iterator.go:31.41,38.2 4 1
github.com/fredbi/go-patterns/iterators/slice_iterator.go:40.47,44.46 3 1
github.com/fredbi/go-patterns/iterators/slice_iterator.go:49.2,49.31 1 1
github.com/fredbi/go-patterns/iterators/slice_iterator.go:44.46,47.3 2 1
github.com/fredbi/go-patterns/iterators/slice_iterator.go:52.52,54.2 1 1
github.com/fredbi/go-patterns/iterators/slice_iterator.go:56.56,59.32 2 1
github.com/fredbi/go-patterns/iterators/slice_iterator.go:64.2,64.18 1 1
github.com/fredbi/go-patterns/iterators/slice_iterator.go:59.32,62.3 2 1
github.com/fredbi/go-patterns/iterators/chan_iterator.go:39.126,52.27 6 0
github.com/fredbi/go-patterns/iterators/chan_iterator.go:81.2,81.30 1 0
github.com/fredbi/go-patterns/iterators/chan_iterator.go:88.2,88.13 1 0
github.com/fredbi/go-patterns/iterators/chan_iterator.go:52.27,56.31 3 0
github.com/fredbi/go-patterns/iterators/chan_iterator.go:56.31,59.17 2 0
github.com/fredbi/go-patterns/iterators/chan_iterator.go:64.4,64.24 1 0
github.com/fredbi/go-patterns/iterators/chan_iterator.go:77.4,77.14 1 0
github.com/fredbi/go-patterns/iterators/chan_iterator.go:59.17,62.5 2 0
github.com/fredbi/go-patterns/iterators/chan_iterator.go:64.24,66.19 2 0
github.com/fredbi/go-patterns/iterators/chan_iterator.go:70.5,70.12 1 0
github.com/fredbi/go-patterns/iterators/chan_iterator.go:66.19,68.6 1 0
github.com/fredbi/go-patterns/iterators/chan_iterator.go:71.28,72.27 1 0
github.com/fredbi/go-patterns/iterators/chan_iterator.go:73.29,73.29 0 0
github.com/fredbi/go-patterns/iterators/chan_iterator.go:81.30,86.3 3 0
github.com/fredbi/go-patterns/iterators/chan_iterator.go:91.39,92.9 1 0
github.com/fredbi/go-patterns/iterators/chan_iterator.go:93.29,94.10 1 0
github.com/fredbi/go-patterns/iterators/chan_iterator.go:97.3,97.10 1 0
github.com/fredbi/go-patterns/iterators/chan_iterator.go:103.3,103.14 1 0
github.com/fredbi/go-patterns/iterators/chan_iterator.go:105.22,106.15 1 0
github.com/fredbi/go-patterns/iterators/chan_iterator.go:94.10,96.4 1 0
github.com/fredbi/go-patterns/iterators/chan_iterator.go:98.25,98.25 0 0
github.com/fredbi/go-patterns/iterators/chan_iterator.go:99.23,100.16 1 0
github.com/fredbi/go-patterns/iterators/chan_iterator.go:110.45,111.22 1 0
github.com/fredbi/go-patterns/iterators/chan_iterator.go:116.2,116.9 1 0
github.com/fredbi/go-patterns/iterators/chan_iterator.go:111.22,114.3 2 0
github.com/fredbi/go-patterns/iterators/chan_iterator.go:117.26,118.19 1 0
github.com/fredbi/go-patterns/iterators/chan_iterator.go:119.22,121.28 2 0
github.com/fredbi/go-patterns/iterators/chan_iterator.go:125.41,127.2 1 0
github.com/fredbi/go-patterns/iterators/chan_iterator.go:129.50,134.15 4 0
github.com/fredbi/go-patterns/iterators/chan_iterator.go:144.2,144.27 1 0
github.com/fredbi/go-patterns/iterators/chan_iterator.go:134.15,136.17 2 0
github.com/fredbi/go-patterns/iterators/chan_iterator.go:141.3,141.34 1 0
github.com/fredbi/go-patterns/iterators/chan_iterator.go:136.17,140.4 2 0
github.com/fredbi/go-patterns/iterators/chan_iterator.go:147.54,153.15 4 0
github.com/fredbi/go-patterns/iterators/chan_iterator.go:163.2,163.27 1 0
github.com/fredbi/go-patterns/iterators/chan_iterator.go:153.15,155.17 2 0
github.com/fredbi/go-patterns/iterators/chan_iterator.go:160.3,160.35 1 0
github.com/fredbi/go-patterns/iterators/chan_iterator.go:155.17,159.4 2 0
